<?xml version="1.0" encoding="UTF-8"?>
<!-- Generated by org.testng.reporters.JUnitReportReporter -->
<testsuite skipped="0" hostname="VASITQA0001" name="com.bank.testcases.OpenAccountTest" tests="3" failures="0" timestamp="09 Apr 2020 13:55:25 GMT" time="13.482" errors="0">
  <testcase name="search" time="6.191" classname="com.bank.testcases.OpenAccountTest"/>
  <testcase name="OpenAccountTest" time="0.870" classname="com.bank.testcases.OpenAccountTest"/>
  <testcase name="search" time="6.421" classname="com.bank.testcases.OpenAccountTest"/>
</testsuite> <!-- com.bank.testcases.OpenAccountTest -->
