<?xml version="1.0" encoding="UTF-8"?>
<!-- Generated by org.testng.reporters.JUnitReportReporter -->
<testsuite skipped="0" hostname="VASITQA0001" name="com.bank.testcases.Bankmanger" tests="1" failures="0" timestamp="09 Apr 2020 13:55:25 GMT" time="4.434" errors="0">
  <testcase name="LoginAsBankManager" time="4.434" classname="com.bank.testcases.Bankmanger"/>
</testsuite> <!-- com.bank.testcases.Bankmanger -->
