<?xml version="1.0" encoding="UTF-8"?>
<!-- Generated by org.testng.reporters.JUnitReportReporter -->
<testsuite skipped="0" hostname="VASITQA0001" name="com.bank.testcases.AddCustomerTest" tests="2" failures="0" timestamp="09 Apr 2020 13:55:25 GMT" time="41.101" errors="0">
  <testcase name="AddCustomerTest" time="20.563" classname="com.bank.testcases.AddCustomerTest"/>
  <testcase name="AddCustomerTest" time="20.538" classname="com.bank.testcases.AddCustomerTest"/>
</testsuite> <!-- com.bank.testcases.AddCustomerTest -->
